<?xml version="1.0" encoding="UTF-8"?>
<!-- Generated by org.testng.reporters.JUnitReportReporter -->
<testsuite hostname="LAPTOP-PL6FGJN7" failures="0" tests="7" name="testCases.TC001_PurchaseFlow_Test" time="17.536" errors="0" timestamp="2025-08-04T13:03:43 IST" skipped="0">
  <testcase classname="testCases.TC001_PurchaseFlow_Test" name="VerifyLoginFun" time="4.570"/>
  <testcase classname="testCases.TC001_PurchaseFlow_Test" name="VerifyAddToCartFunc" time="3.266"/>
  <testcase classname="testCases.TC001_PurchaseFlow_Test" name="Verify_CartPage_Func" time="3.285"/>
  <testcase classname="testCases.TC001_PurchaseFlow_Test" name="Verify_Checkout_Func" time="4.531"/>
  <testcase classname="testCases.TC001_PurchaseFlow_Test" name="Verify_Order_Success_Func" time="1.249"/>
  <testcase classname="testCases.TC001_PurchaseFlow_Test" name="Verify_Logout_Fun" time="0.270"/>
  <testcase classname="testCases.TC001_PurchaseFlow_Test" name="Verify_Invalid_Login_Fun" time="0.365"/>
</testsuite> <!-- testCases.TC001_PurchaseFlow_Test -->
