<?xml version="1.0" encoding="UTF-8"?>
<!-- Generated by org.testng.reporters.JUnitReportReporter -->
<testsuite hostname="LAPTOP-PL6FGJN7" failures="0" tests="3" name="testCases.TC001_Login_Test" time="11.703" errors="0" timestamp="2025-08-01T20:21:31 IST" skipped="0">
  <testcase classname="testCases.TC001_Login_Test" name="VerifyLoginFun" time="3.447"/>
  <testcase classname="testCases.TC001_Login_Test" name="VerifyAddToCartFunc" time="6.127"/>
  <testcase classname="testCases.TC001_Login_Test" name="Verify_CartPage_Func" time="2.129"/>
</testsuite> <!-- testCases.TC001_Login_Test -->
